BENCHMARK: run_1_TP4_DP2_CTX4096_C100_P100_O128
================================================================
Namespace(subparser='bench', bench_type='serve', dispatch_function=<function BenchmarkServingSubcommand.cmd at 0x7a3a95b93380>, seed=0, num_prompts=100, dataset_name='random', no_stream=False, dataset_path=None, no_oversample=False, skip_chat_template=False, disable_shuffle=False, custom_output_len=256, spec_bench_output_len=256, spec_bench_category=None, sonnet_input_len=550, sonnet_output_len=150, sonnet_prefix_len=200, sharegpt_output_len=None, blazedit_min_distance=0.0, blazedit_max_distance=1.0, random_input_len=4096, random_output_len=128, random_range_ratio=0.0, random_prefix_len=0, random_batch_size=1, no_reranker=False, random_mm_base_items_per_request=1, random_mm_num_mm_items_range_ratio=0.0, random_mm_limit_mm_per_prompt={'image': 255, 'video': 1}, random_mm_bucket_config={(256, 256, 1): 0.5, (720, 1280, 1): 0.5, (720, 1280, 16): 0.0}, hf_subset=None, hf_split=None, hf_name=None, hf_output_len=None, prefix_repetition_prefix_len=256, prefix_repetition_suffix_len=256, prefix_repetition_num_prefixes=10, prefix_repetition_output_len=128, label=None, backend='vllm', base_url='http://localhost:8000', host='127.0.0.1', port=8000, endpoint='/v1/completions', header=None, max_concurrency=100, model='/workspace/glm47-fp8', input_len=None, output_len=None, tokenizer=None, tokenizer_mode='auto', use_beam_search=False, logprobs=None, request_rate=inf, burstiness=1.0, trust_remote_code=False, disable_tqdm=False, num_warmups=0, profile=False, save_result=True, save_detailed=False, append_result=False, metadata=None, result_dir='./benchmark_results_GLM7.5_fp8_b200_runpod', result_filename='run_1_TP4_DP2_CTX4096_C100_P100_O128.json', ignore_eos=True, percentile_metrics='ttft,tpot,itl,e2el', metric_percentiles='99', goodput=None, request_id_prefix='bench-a0101e66-', top_p=None, top_k=None, min_p=None, temperature=None, frequency_penalty=None, presence_penalty=None, repetition_penalty=None, served_model_name=None, lora_modules=None, ramp_up_strategy=None, ramp_up_start_rps=None, ramp_up_end_rps=None, ready_check_timeout_sec=0, extra_body=None)
INFO 01-29 10:13:10 [datasets.py:612] Sampling input_len from [4096, 4096] and output_len from [128, 128]
Starting initial single prompt test run...
Skipping endpoint ready check.
Starting main benchmark run...
Traffic request rate: inf
Burstiness factor: 1.0 (Poisson process)
Maximum request concurrency: 100

  0%|          | 0/100 [00:00<?, ?it/s]
  1%|          | 1/100 [00:00<00:12,  8.15it/s]
100%|██████████| 100/100 [00:00<00:00, 572.24it/s]
/root/benchmark/.venv/lib/python3.11/site-packages/vllm/benchmarks/serve.py:886: UserWarning: All requests failed. This is likely due to a misconfiguration on the benchmark arguments.
  metrics, actual_output_lens = calculate_metrics(
Failed requests during benchmark run detected (capping to 10):
Error 0: Traceback (most recent call last):
  File "/root/benchmark/.venv/lib/python3.11/site-packages/aiohttp/connector.py", line 1298, in _wrap_create_connection
    sock = await aiohappyeyeballs.start_connection(
           ^^^^^^^^^^^^^^^^^^^^^^^^^^^^^^^^^^^^^^^^
  File "/root/benchmark/.venv/lib/python3.11/site-packages/aiohappyeyeballs/impl.py", line 141, in start_connection
    raise OSError(first_errno, msg)
ConnectionRefusedError: [Errno 111] Multiple exceptions: [Errno 111] Connect call failed ('127.0.0.1', 8000), [Errno 111] Connect call failed ('::1', 8000, 0, 0)

The above exception was the direct cause of the following exception:

Traceback (most recent call last):
  File "/root/benchmark/.venv/lib/python3.11/site-packages/vllm/benchmarks/lib/endpoint_request_func.py", line 187, in async_request_openai_completions
    async with session.post(url=api_url, json=payload, headers=headers) as response:
  File "/root/benchmark/.venv/lib/python3.11/site-packages/aiohttp/client.py", line 1510, in __aenter__
    self._resp: _RetType = await self._coro
                           ^^^^^^^^^^^^^^^^
  File "/root/benchmark/.venv/lib/python3.11/site-packages/aiohttp/client.py", line 779, in _request
    resp = await handler(req)
           ^^^^^^^^^^^^^^^^^^
  File "/root/benchmark/.venv/lib/python3.11/site-packages/aiohttp/client.py", line 734, in _connect_and_send_request
    conn = await self._connector.connect(
           ^^^^^^^^^^^^^^^^^^^^^^^^^^^^^^
  File "/root/benchmark/.venv/lib/python3.11/site-packages/aiohttp/connector.py", line 672, in connect
    proto = await self._create_connection(req, traces, timeout)
            ^^^^^^^^^^^^^^^^^^^^^^^^^^^^^^^^^^^^^^^^^^^^^^^^^^^
  File "/root/benchmark/.venv/lib/python3.11/site-packages/aiohttp/connector.py", line 1239, in _create_connection
    _, proto = await self._create_direct_connection(req, traces, timeout)
               ^^^^^^^^^^^^^^^^^^^^^^^^^^^^^^^^^^^^^^^^^^^^^^^^^^^^^^^^^^
  File "/root/benchmark/.venv/lib/python3.11/site-packages/aiohttp/connector.py", line 1611, in _create_direct_connection
    raise last_exc
  File "/root/benchmark/.venv/lib/python3.11/site-packages/aiohttp/connector.py", line 1580, in _create_direct_connection
    transp, proto = await self._wrap_create_connection(
                    ^^^^^^^^^^^^^^^^^^^^^^^^^^^^^^^^^^^
  File "/root/benchmark/.venv/lib/python3.11/site-packages/aiohttp/connector.py", line 1321, in _wrap_create_connection
    raise client_error(req.connection_key, exc) from exc
aiohttp.client_exceptions.ClientConnectorError: Cannot connect to host localhost:8000 ssl:default [Multiple exceptions: [Errno 111] Connect call failed ('127.0.0.1', 8000), [Errno 111] Connect call failed ('::1', 8000, 0, 0)]

Error 1: Traceback (most recent call last):
  File "/root/benchmark/.venv/lib/python3.11/site-packages/aiohttp/connector.py", line 1298, in _wrap_create_connection
    sock = await aiohappyeyeballs.start_connection(
           ^^^^^^^^^^^^^^^^^^^^^^^^^^^^^^^^^^^^^^^^
  File "/root/benchmark/.venv/lib/python3.11/site-packages/aiohappyeyeballs/impl.py", line 141, in start_connection
    raise OSError(first_errno, msg)
ConnectionRefusedError: [Errno 111] Multiple exceptions: [Errno 111] Connect call failed ('::1', 8000, 0, 0), [Errno 111] Connect call failed ('127.0.0.1', 8000)

The above exception was the direct cause of the following exception:

Traceback (most recent call last):
  File "/root/benchmark/.venv/lib/python3.11/site-packages/vllm/benchmarks/lib/endpoint_request_func.py", line 187, in async_request_openai_completions
    async with session.post(url=api_url, json=payload, headers=headers) as response:
  File "/root/benchmark/.venv/lib/python3.11/site-packages/aiohttp/client.py", line 1510, in __aenter__
    self._resp: _RetType = await self._coro
                           ^^^^^^^^^^^^^^^^
  File "/root/benchmark/.venv/lib/python3.11/site-packages/aiohttp/client.py", line 779, in _request
    resp = await handler(req)
           ^^^^^^^^^^^^^^^^^^
  File "/root/benchmark/.venv/lib/python3.11/site-packages/aiohttp/client.py", line 734, in _connect_and_send_request
    conn = await self._connector.connect(
           ^^^^^^^^^^^^^^^^^^^^^^^^^^^^^^
  File "/root/benchmark/.venv/lib/python3.11/site-packages/aiohttp/connector.py", line 672, in connect
    proto = await self._create_connection(req, traces, timeout)
            ^^^^^^^^^^^^^^^^^^^^^^^^^^^^^^^^^^^^^^^^^^^^^^^^^^^
  File "/root/benchmark/.venv/lib/python3.11/site-packages/aiohttp/connector.py", line 1239, in _create_connection
    _, proto = await self._create_direct_connection(req, traces, timeout)
               ^^^^^^^^^^^^^^^^^^^^^^^^^^^^^^^^^^^^^^^^^^^^^^^^^^^^^^^^^^
  File "/root/benchmark/.venv/lib/python3.11/site-packages/aiohttp/connector.py", line 1611, in _create_direct_connection
    raise last_exc
  File "/root/benchmark/.venv/lib/python3.11/site-packages/aiohttp/connector.py", line 1580, in _create_direct_connection
    transp, proto = await self._wrap_create_connection(
                    ^^^^^^^^^^^^^^^^^^^^^^^^^^^^^^^^^^^
  File "/root/benchmark/.venv/lib/python3.11/site-packages/aiohttp/connector.py", line 1321, in _wrap_create_connection
    raise client_error(req.connection_key, exc) from exc
aiohttp.client_exceptions.ClientConnectorError: Cannot connect to host localhost:8000 ssl:default [Multiple exceptions: [Errno 111] Connect call failed ('::1', 8000, 0, 0), [Errno 111] Connect call failed ('127.0.0.1', 8000)]

Error 2: Traceback (most recent call last):
  File "/root/benchmark/.venv/lib/python3.11/site-packages/aiohttp/connector.py", line 1298, in _wrap_create_connection
    sock = await aiohappyeyeballs.start_connection(
           ^^^^^^^^^^^^^^^^^^^^^^^^^^^^^^^^^^^^^^^^
  File "/root/benchmark/.venv/lib/python3.11/site-packages/aiohappyeyeballs/impl.py", line 141, in start_connection
    raise OSError(first_errno, msg)
ConnectionRefusedError: [Errno 111] Multiple exceptions: [Errno 111] Connect call failed ('127.0.0.1', 8000), [Errno 111] Connect call failed ('::1', 8000, 0, 0)

The above exception was the direct cause of the following exception:

Traceback (most recent call last):
  File "/root/benchmark/.venv/lib/python3.11/site-packages/vllm/benchmarks/lib/endpoint_request_func.py", line 187, in async_request_openai_completions
    async with session.post(url=api_url, json=payload, headers=headers) as response:
  File "/root/benchmark/.venv/lib/python3.11/site-packages/aiohttp/client.py", line 1510, in __aenter__
    self._resp: _RetType = await self._coro
                           ^^^^^^^^^^^^^^^^
  File "/root/benchmark/.venv/lib/python3.11/site-packages/aiohttp/client.py", line 779, in _request
    resp = await handler(req)
           ^^^^^^^^^^^^^^^^^^
  File "/root/benchmark/.venv/lib/python3.11/site-packages/aiohttp/client.py", line 734, in _connect_and_send_request
    conn = await self._connector.connect(
           ^^^^^^^^^^^^^^^^^^^^^^^^^^^^^^
  File "/root/benchmark/.venv/lib/python3.11/site-packages/aiohttp/connector.py", line 672, in connect
    proto = await self._create_connection(req, traces, timeout)
            ^^^^^^^^^^^^^^^^^^^^^^^^^^^^^^^^^^^^^^^^^^^^^^^^^^^
  File "/root/benchmark/.venv/lib/python3.11/site-packages/aiohttp/connector.py", line 1239, in _create_connection
    _, proto = await self._create_direct_connection(req, traces, timeout)
               ^^^^^^^^^^^^^^^^^^^^^^^^^^^^^^^^^^^^^^^^^^^^^^^^^^^^^^^^^^
  File "/root/benchmark/.venv/lib/python3.11/site-packages/aiohttp/connector.py", line 1611, in _create_direct_connection
    raise last_exc
  File "/root/benchmark/.venv/lib/python3.11/site-packages/aiohttp/connector.py", line 1580, in _create_direct_connection
    transp, proto = await self._wrap_create_connection(
                    ^^^^^^^^^^^^^^^^^^^^^^^^^^^^^^^^^^^
  File "/root/benchmark/.venv/lib/python3.11/site-packages/aiohttp/connector.py", line 1321, in _wrap_create_connection
    raise client_error(req.connection_key, exc) from exc
aiohttp.client_exceptions.ClientConnectorError: Cannot connect to host localhost:8000 ssl:default [Multiple exceptions: [Errno 111] Connect call failed ('127.0.0.1', 8000), [Errno 111] Connect call failed ('::1', 8000, 0, 0)]

Error 3: Traceback (most recent call last):
  File "/root/benchmark/.venv/lib/python3.11/site-packages/aiohttp/connector.py", line 1298, in _wrap_create_connection
    sock = await aiohappyeyeballs.start_connection(
           ^^^^^^^^^^^^^^^^^^^^^^^^^^^^^^^^^^^^^^^^
  File "/root/benchmark/.venv/lib/python3.11/site-packages/aiohappyeyeballs/impl.py", line 141, in start_connection
    raise OSError(first_errno, msg)
ConnectionRefusedError: [Errno 111] Multiple exceptions: [Errno 111] Connect call failed ('127.0.0.1', 8000), [Errno 111] Connect call failed ('::1', 8000, 0, 0)

The above exception was the direct cause of the following exception:

Traceback (most recent call last):
  File "/root/benchmark/.venv/lib/python3.11/site-packages/vllm/benchmarks/lib/endpoint_request_func.py", line 187, in async_request_openai_completions
    async with session.post(url=api_url, json=payload, headers=headers) as response:
  File "/root/benchmark/.venv/lib/python3.11/site-packages/aiohttp/client.py", line 1510, in __aenter__
    self._resp: _RetType = await self._coro
                           ^^^^^^^^^^^^^^^^
  File "/root/benchmark/.venv/lib/python3.11/site-packages/aiohttp/client.py", line 779, in _request
    resp = await handler(req)
           ^^^^^^^^^^^^^^^^^^
  File "/root/benchmark/.venv/lib/python3.11/site-packages/aiohttp/client.py", line 734, in _connect_and_send_request
    conn = await self._connector.connect(
           ^^^^^^^^^^^^^^^^^^^^^^^^^^^^^^
  File "/root/benchmark/.venv/lib/python3.11/site-packages/aiohttp/connector.py", line 672, in connect
    proto = await self._create_connection(req, traces, timeout)
            ^^^^^^^^^^^^^^^^^^^^^^^^^^^^^^^^^^^^^^^^^^^^^^^^^^^
  File "/root/benchmark/.venv/lib/python3.11/site-packages/aiohttp/connector.py", line 1239, in _create_connection
    _, proto = await self._create_direct_connection(req, traces, timeout)
               ^^^^^^^^^^^^^^^^^^^^^^^^^^^^^^^^^^^^^^^^^^^^^^^^^^^^^^^^^^
  File "/root/benchmark/.venv/lib/python3.11/site-packages/aiohttp/connector.py", line 1611, in _create_direct_connection
    raise last_exc
  File "/root/benchmark/.venv/lib/python3.11/site-packages/aiohttp/connector.py", line 1580, in _create_direct_connection
    transp, proto = await self._wrap_create_connection(
                    ^^^^^^^^^^^^^^^^^^^^^^^^^^^^^^^^^^^
  File "/root/benchmark/.venv/lib/python3.11/site-packages/aiohttp/connector.py", line 1321, in _wrap_create_connection
    raise client_error(req.connection_key, exc) from exc
aiohttp.client_exceptions.ClientConnectorError: Cannot connect to host localhost:8000 ssl:default [Multiple exceptions: [Errno 111] Connect call failed ('127.0.0.1', 8000), [Errno 111] Connect call failed ('::1', 8000, 0, 0)]

Error 4: Traceback (most recent call last):
  File "/root/benchmark/.venv/lib/python3.11/site-packages/aiohttp/connector.py", line 1298, in _wrap_create_connection
    sock = await aiohappyeyeballs.start_connection(
           ^^^^^^^^^^^^^^^^^^^^^^^^^^^^^^^^^^^^^^^^
  File "/root/benchmark/.venv/lib/python3.11/site-packages/aiohappyeyeballs/impl.py", line 141, in start_connection
    raise OSError(first_errno, msg)
ConnectionRefusedError: [Errno 111] Multiple exceptions: [Errno 111] Connect call failed ('::1', 8000, 0, 0), [Errno 111] Connect call failed ('127.0.0.1', 8000)

The above exception was the direct cause of the following exception:

Traceback (most recent call last):
  File "/root/benchmark/.venv/lib/python3.11/site-packages/vllm/benchmarks/lib/endpoint_request_func.py", line 187, in async_request_openai_completions
    async with session.post(url=api_url, json=payload, headers=headers) as response:
  File "/root/benchmark/.venv/lib/python3.11/site-packages/aiohttp/client.py", line 1510, in __aenter__
    self._resp: _RetType = await self._coro
                           ^^^^^^^^^^^^^^^^
  File "/root/benchmark/.venv/lib/python3.11/site-packages/aiohttp/client.py", line 779, in _request
    resp = await handler(req)
           ^^^^^^^^^^^^^^^^^^
  File "/root/benchmark/.venv/lib/python3.11/site-packages/aiohttp/client.py", line 734, in _connect_and_send_request
    conn = await self._connector.connect(
           ^^^^^^^^^^^^^^^^^^^^^^^^^^^^^^
  File "/root/benchmark/.venv/lib/python3.11/site-packages/aiohttp/connector.py", line 672, in connect
    proto = await self._create_connection(req, traces, timeout)
            ^^^^^^^^^^^^^^^^^^^^^^^^^^^^^^^^^^^^^^^^^^^^^^^^^^^
  File "/root/benchmark/.venv/lib/python3.11/site-packages/aiohttp/connector.py", line 1239, in _create_connection
    _, proto = await self._create_direct_connection(req, traces, timeout)
               ^^^^^^^^^^^^^^^^^^^^^^^^^^^^^^^^^^^^^^^^^^^^^^^^^^^^^^^^^^
  File "/root/benchmark/.venv/lib/python3.11/site-packages/aiohttp/connector.py", line 1611, in _create_direct_connection
    raise last_exc
  File "/root/benchmark/.venv/lib/python3.11/site-packages/aiohttp/connector.py", line 1580, in _create_direct_connection
    transp, proto = await self._wrap_create_connection(
                    ^^^^^^^^^^^^^^^^^^^^^^^^^^^^^^^^^^^
  File "/root/benchmark/.venv/lib/python3.11/site-packages/aiohttp/connector.py", line 1321, in _wrap_create_connection
    raise client_error(req.connection_key, exc) from exc
aiohttp.client_exceptions.ClientConnectorError: Cannot connect to host localhost:8000 ssl:default [Multiple exceptions: [Errno 111] Connect call failed ('::1', 8000, 0, 0), [Errno 111] Connect call failed ('127.0.0.1', 8000)]

Error 5: Traceback (most recent call last):
  File "/root/benchmark/.venv/lib/python3.11/site-packages/aiohttp/connector.py", line 1298, in _wrap_create_connection
    sock = await aiohappyeyeballs.start_connection(
           ^^^^^^^^^^^^^^^^^^^^^^^^^^^^^^^^^^^^^^^^
  File "/root/benchmark/.venv/lib/python3.11/site-packages/aiohappyeyeballs/impl.py", line 141, in start_connection
    raise OSError(first_errno, msg)
ConnectionRefusedError: [Errno 111] Multiple exceptions: [Errno 111] Connect call failed ('127.0.0.1', 8000), [Errno 111] Connect call failed ('::1', 8000, 0, 0)

The above exception was the direct cause of the following exception:

Traceback (most recent call last):
  File "/root/benchmark/.venv/lib/python3.11/site-packages/vllm/benchmarks/lib/endpoint_request_func.py", line 187, in async_request_openai_completions
    async with session.post(url=api_url, json=payload, headers=headers) as response:
  File "/root/benchmark/.venv/lib/python3.11/site-packages/aiohttp/client.py", line 1510, in __aenter__
    self._resp: _RetType = await self._coro
                           ^^^^^^^^^^^^^^^^
  File "/root/benchmark/.venv/lib/python3.11/site-packages/aiohttp/client.py", line 779, in _request
    resp = await handler(req)
           ^^^^^^^^^^^^^^^^^^
  File "/root/benchmark/.venv/lib/python3.11/site-packages/aiohttp/client.py", line 734, in _connect_and_send_request
    conn = await self._connector.connect(
           ^^^^^^^^^^^^^^^^^^^^^^^^^^^^^^
  File "/root/benchmark/.venv/lib/python3.11/site-packages/aiohttp/connector.py", line 672, in connect
    proto = await self._create_connection(req, traces, timeout)
            ^^^^^^^^^^^^^^^^^^^^^^^^^^^^^^^^^^^^^^^^^^^^^^^^^^^
  File "/root/benchmark/.venv/lib/python3.11/site-packages/aiohttp/connector.py", line 1239, in _create_connection
    _, proto = await self._create_direct_connection(req, traces, timeout)
               ^^^^^^^^^^^^^^^^^^^^^^^^^^^^^^^^^^^^^^^^^^^^^^^^^^^^^^^^^^
  File "/root/benchmark/.venv/lib/python3.11/site-packages/aiohttp/connector.py", line 1611, in _create_direct_connection
    raise last_exc
  File "/root/benchmark/.venv/lib/python3.11/site-packages/aiohttp/connector.py", line 1580, in _create_direct_connection
    transp, proto = await self._wrap_create_connection(
                    ^^^^^^^^^^^^^^^^^^^^^^^^^^^^^^^^^^^
  File "/root/benchmark/.venv/lib/python3.11/site-packages/aiohttp/connector.py", line 1321, in _wrap_create_connection
    raise client_error(req.connection_key, exc) from exc
aiohttp.client_exceptions.ClientConnectorError: Cannot connect to host localhost:8000 ssl:default [Multiple exceptions: [Errno 111] Connect call failed ('127.0.0.1', 8000), [Errno 111] Connect call failed ('::1', 8000, 0, 0)]

Error 6: Traceback (most recent call last):
  File "/root/benchmark/.venv/lib/python3.11/site-packages/aiohttp/connector.py", line 1298, in _wrap_create_connection
    sock = await aiohappyeyeballs.start_connection(
           ^^^^^^^^^^^^^^^^^^^^^^^^^^^^^^^^^^^^^^^^
  File "/root/benchmark/.venv/lib/python3.11/site-packages/aiohappyeyeballs/impl.py", line 141, in start_connection
    raise OSError(first_errno, msg)
ConnectionRefusedError: [Errno 111] Multiple exceptions: [Errno 111] Connect call failed ('::1', 8000, 0, 0), [Errno 111] Connect call failed ('127.0.0.1', 8000)

The above exception was the direct cause of the following exception:

Traceback (most recent call last):
  File "/root/benchmark/.venv/lib/python3.11/site-packages/vllm/benchmarks/lib/endpoint_request_func.py", line 187, in async_request_openai_completions
    async with session.post(url=api_url, json=payload, headers=headers) as response:
  File "/root/benchmark/.venv/lib/python3.11/site-packages/aiohttp/client.py", line 1510, in __aenter__
    self._resp: _RetType = await self._coro
                           ^^^^^^^^^^^^^^^^
  File "/root/benchmark/.venv/lib/python3.11/site-packages/aiohttp/client.py", line 779, in _request
    resp = await handler(req)
           ^^^^^^^^^^^^^^^^^^
  File "/root/benchmark/.venv/lib/python3.11/site-packages/aiohttp/client.py", line 734, in _connect_and_send_request
    conn = await self._connector.connect(
           ^^^^^^^^^^^^^^^^^^^^^^^^^^^^^^
  File "/root/benchmark/.venv/lib/python3.11/site-packages/aiohttp/connector.py", line 672, in connect
    proto = await self._create_connection(req, traces, timeout)
            ^^^^^^^^^^^^^^^^^^^^^^^^^^^^^^^^^^^^^^^^^^^^^^^^^^^
  File "/root/benchmark/.venv/lib/python3.11/site-packages/aiohttp/connector.py", line 1239, in _create_connection
    _, proto = await self._create_direct_connection(req, traces, timeout)
               ^^^^^^^^^^^^^^^^^^^^^^^^^^^^^^^^^^^^^^^^^^^^^^^^^^^^^^^^^^
  File "/root/benchmark/.venv/lib/python3.11/site-packages/aiohttp/connector.py", line 1611, in _create_direct_connection
    raise last_exc
  File "/root/benchmark/.venv/lib/python3.11/site-packages/aiohttp/connector.py", line 1580, in _create_direct_connection
    transp, proto = await self._wrap_create_connection(
                    ^^^^^^^^^^^^^^^^^^^^^^^^^^^^^^^^^^^
  File "/root/benchmark/.venv/lib/python3.11/site-packages/aiohttp/connector.py", line 1321, in _wrap_create_connection
    raise client_error(req.connection_key, exc) from exc
aiohttp.client_exceptions.ClientConnectorError: Cannot connect to host localhost:8000 ssl:default [Multiple exceptions: [Errno 111] Connect call failed ('::1', 8000, 0, 0), [Errno 111] Connect call failed ('127.0.0.1', 8000)]

Error 7: Traceback (most recent call last):
  File "/root/benchmark/.venv/lib/python3.11/site-packages/aiohttp/connector.py", line 1298, in _wrap_create_connection
    sock = await aiohappyeyeballs.start_connection(
           ^^^^^^^^^^^^^^^^^^^^^^^^^^^^^^^^^^^^^^^^
  File "/root/benchmark/.venv/lib/python3.11/site-packages/aiohappyeyeballs/impl.py", line 141, in start_connection
    raise OSError(first_errno, msg)
ConnectionRefusedError: [Errno 111] Multiple exceptions: [Errno 111] Connect call failed ('::1', 8000, 0, 0), [Errno 111] Connect call failed ('127.0.0.1', 8000)

The above exception was the direct cause of the following exception:

Traceback (most recent call last):
  File "/root/benchmark/.venv/lib/python3.11/site-packages/vllm/benchmarks/lib/endpoint_request_func.py", line 187, in async_request_openai_completions
    async with session.post(url=api_url, json=payload, headers=headers) as response:
  File "/root/benchmark/.venv/lib/python3.11/site-packages/aiohttp/client.py", line 1510, in __aenter__
    self._resp: _RetType = await self._coro
                           ^^^^^^^^^^^^^^^^
  File "/root/benchmark/.venv/lib/python3.11/site-packages/aiohttp/client.py", line 779, in _request
    resp = await handler(req)
           ^^^^^^^^^^^^^^^^^^
  File "/root/benchmark/.venv/lib/python3.11/site-packages/aiohttp/client.py", line 734, in _connect_and_send_request
    conn = await self._connector.connect(
           ^^^^^^^^^^^^^^^^^^^^^^^^^^^^^^
  File "/root/benchmark/.venv/lib/python3.11/site-packages/aiohttp/connector.py", line 672, in connect
    proto = await self._create_connection(req, traces, timeout)
            ^^^^^^^^^^^^^^^^^^^^^^^^^^^^^^^^^^^^^^^^^^^^^^^^^^^
  File "/root/benchmark/.venv/lib/python3.11/site-packages/aiohttp/connector.py", line 1239, in _create_connection
    _, proto = await self._create_direct_connection(req, traces, timeout)
               ^^^^^^^^^^^^^^^^^^^^^^^^^^^^^^^^^^^^^^^^^^^^^^^^^^^^^^^^^^
  File "/root/benchmark/.venv/lib/python3.11/site-packages/aiohttp/connector.py", line 1611, in _create_direct_connection
    raise last_exc
  File "/root/benchmark/.venv/lib/python3.11/site-packages/aiohttp/connector.py", line 1580, in _create_direct_connection
    transp, proto = await self._wrap_create_connection(
                    ^^^^^^^^^^^^^^^^^^^^^^^^^^^^^^^^^^^
  File "/root/benchmark/.venv/lib/python3.11/site-packages/aiohttp/connector.py", line 1321, in _wrap_create_connection
    raise client_error(req.connection_key, exc) from exc
aiohttp.client_exceptions.ClientConnectorError: Cannot connect to host localhost:8000 ssl:default [Multiple exceptions: [Errno 111] Connect call failed ('::1', 8000, 0, 0), [Errno 111] Connect call failed ('127.0.0.1', 8000)]

Error 8: Traceback (most recent call last):
  File "/root/benchmark/.venv/lib/python3.11/site-packages/aiohttp/connector.py", line 1298, in _wrap_create_connection
    sock = await aiohappyeyeballs.start_connection(
           ^^^^^^^^^^^^^^^^^^^^^^^^^^^^^^^^^^^^^^^^
  File "/root/benchmark/.venv/lib/python3.11/site-packages/aiohappyeyeballs/impl.py", line 141, in start_connection
    raise OSError(first_errno, msg)
ConnectionRefusedError: [Errno 111] Multiple exceptions: [Errno 111] Connect call failed ('127.0.0.1', 8000), [Errno 111] Connect call failed ('::1', 8000, 0, 0)

The above exception was the direct cause of the following exception:

Traceback (most recent call last):
  File "/root/benchmark/.venv/lib/python3.11/site-packages/vllm/benchmarks/lib/endpoint_request_func.py", line 187, in async_request_openai_completions
    async with session.post(url=api_url, json=payload, headers=headers) as response:
  File "/root/benchmark/.venv/lib/python3.11/site-packages/aiohttp/client.py", line 1510, in __aenter__
    self._resp: _RetType = await self._coro
                           ^^^^^^^^^^^^^^^^
  File "/root/benchmark/.venv/lib/python3.11/site-packages/aiohttp/client.py", line 779, in _request
    resp = await handler(req)
           ^^^^^^^^^^^^^^^^^^
  File "/root/benchmark/.venv/lib/python3.11/site-packages/aiohttp/client.py", line 734, in _connect_and_send_request
    conn = await self._connector.connect(
           ^^^^^^^^^^^^^^^^^^^^^^^^^^^^^^
  File "/root/benchmark/.venv/lib/python3.11/site-packages/aiohttp/connector.py", line 672, in connect
    proto = await self._create_connection(req, traces, timeout)
            ^^^^^^^^^^^^^^^^^^^^^^^^^^^^^^^^^^^^^^^^^^^^^^^^^^^
  File "/root/benchmark/.venv/lib/python3.11/site-packages/aiohttp/connector.py", line 1239, in _create_connection
    _, proto = await self._create_direct_connection(req, traces, timeout)
               ^^^^^^^^^^^^^^^^^^^^^^^^^^^^^^^^^^^^^^^^^^^^^^^^^^^^^^^^^^
  File "/root/benchmark/.venv/lib/python3.11/site-packages/aiohttp/connector.py", line 1611, in _create_direct_connection
    raise last_exc
  File "/root/benchmark/.venv/lib/python3.11/site-packages/aiohttp/connector.py", line 1580, in _create_direct_connection
    transp, proto = await self._wrap_create_connection(
                    ^^^^^^^^^^^^^^^^^^^^^^^^^^^^^^^^^^^
  File "/root/benchmark/.venv/lib/python3.11/site-packages/aiohttp/connector.py", line 1321, in _wrap_create_connection
    raise client_error(req.connection_key, exc) from exc
aiohttp.client_exceptions.ClientConnectorError: Cannot connect to host localhost:8000 ssl:default [Multiple exceptions: [Errno 111] Connect call failed ('127.0.0.1', 8000), [Errno 111] Connect call failed ('::1', 8000, 0, 0)]

Error 9: Traceback (most recent call last):
  File "/root/benchmark/.venv/lib/python3.11/site-packages/aiohttp/connector.py", line 1298, in _wrap_create_connection
    sock = await aiohappyeyeballs.start_connection(
           ^^^^^^^^^^^^^^^^^^^^^^^^^^^^^^^^^^^^^^^^
  File "/root/benchmark/.venv/lib/python3.11/site-packages/aiohappyeyeballs/impl.py", line 141, in start_connection
    raise OSError(first_errno, msg)
ConnectionRefusedError: [Errno 111] Multiple exceptions: [Errno 111] Connect call failed ('::1', 8000, 0, 0), [Errno 111] Connect call failed ('127.0.0.1', 8000)

The above exception was the direct cause of the following exception:

Traceback (most recent call last):
  File "/root/benchmark/.venv/lib/python3.11/site-packages/vllm/benchmarks/lib/endpoint_request_func.py", line 187, in async_request_openai_completions
    async with session.post(url=api_url, json=payload, headers=headers) as response:
  File "/root/benchmark/.venv/lib/python3.11/site-packages/aiohttp/client.py", line 1510, in __aenter__
    self._resp: _RetType = await self._coro
                           ^^^^^^^^^^^^^^^^
  File "/root/benchmark/.venv/lib/python3.11/site-packages/aiohttp/client.py", line 779, in _request
    resp = await handler(req)
           ^^^^^^^^^^^^^^^^^^
  File "/root/benchmark/.venv/lib/python3.11/site-packages/aiohttp/client.py", line 734, in _connect_and_send_request
    conn = await self._connector.connect(
           ^^^^^^^^^^^^^^^^^^^^^^^^^^^^^^
  File "/root/benchmark/.venv/lib/python3.11/site-packages/aiohttp/connector.py", line 672, in connect
    proto = await self._create_connection(req, traces, timeout)
            ^^^^^^^^^^^^^^^^^^^^^^^^^^^^^^^^^^^^^^^^^^^^^^^^^^^
  File "/root/benchmark/.venv/lib/python3.11/site-packages/aiohttp/connector.py", line 1239, in _create_connection
    _, proto = await self._create_direct_connection(req, traces, timeout)
               ^^^^^^^^^^^^^^^^^^^^^^^^^^^^^^^^^^^^^^^^^^^^^^^^^^^^^^^^^^
  File "/root/benchmark/.venv/lib/python3.11/site-packages/aiohttp/connector.py", line 1611, in _create_direct_connection
    raise last_exc
  File "/root/benchmark/.venv/lib/python3.11/site-packages/aiohttp/connector.py", line 1580, in _create_direct_connection
    transp, proto = await self._wrap_create_connection(
                    ^^^^^^^^^^^^^^^^^^^^^^^^^^^^^^^^^^^
  File "/root/benchmark/.venv/lib/python3.11/site-packages/aiohttp/connector.py", line 1321, in _wrap_create_connection
    raise client_error(req.connection_key, exc) from exc
aiohttp.client_exceptions.ClientConnectorError: Cannot connect to host localhost:8000 ssl:default [Multiple exceptions: [Errno 111] Connect call failed ('::1', 8000, 0, 0), [Errno 111] Connect call failed ('127.0.0.1', 8000)]

============ Serving Benchmark Result ============
Successful requests:                     0         
Failed requests:                         100       
Maximum request concurrency:             100       
Benchmark duration (s):                  0.17      
Total input tokens:                      0         
Total generated tokens:                  0         
Request throughput (req/s):              0.00      
Output token throughput (tok/s):         0.00      
Peak output token throughput (tok/s):    0.00      
Peak concurrent requests:                0.00      
Total token throughput (tok/s):          0.00      
---------------Time to First Token----------------
Mean TTFT (ms):                          0.00      
Median TTFT (ms):                        0.00      
P99 TTFT (ms):                           0.00      
-----Time per Output Token (excl. 1st token)------
Mean TPOT (ms):                          0.00      
Median TPOT (ms):                        0.00      
P99 TPOT (ms):                           0.00      
---------------Inter-token Latency----------------
Mean ITL (ms):                           0.00      
Median ITL (ms):                         0.00      
P99 ITL (ms):                            0.00      
----------------End-to-end Latency----------------
Mean E2EL (ms):                          0.00      
Median E2EL (ms):                        0.00      
P99 E2EL (ms):                           0.00      
==================================================
